{"timestamp": "2025-06-18 22:25:10.626784", "from": "alert@example.com", "domain": "example.com", "subject": "Security Notification", "spf_result": "Fail", "dkim_result": "Fail", "dmarc_result": "Fail", "verdict": "Suspicious"}
INFO:root:2025-06-18 22:33:19 | From: noreply@phonepe.com | SPF: Pass | DKIM: Fail | DMARC: Pass | Verdict: Suspicious
INFO:root:2025-06-18 22:33:20 | From: google-pay-noreply@google.com | SPF: Pass | DKIM: Fail | DMARC: Pass | Verdict: Suspicious
INFO:root:2025-06-18 22:33:22 | From: noreply@phonepe.com | SPF: Pass | DKIM: Fail | DMARC: Pass | Verdict: Suspicious
INFO:root:2025-06-18 22:33:23 | From: noreply@phonepe.com | SPF: Pass | DKIM: Fail | DMARC: Pass | Verdict: Suspicious
INFO:root:2025-06-18 22:33:24 | From: google-pay-noreply@google.com | SPF: Pass | DKIM: Fail | DMARC: Pass | Verdict: Suspicious
INFO:root:2025-06-18 22:33:24 | From: noreply@phonepe.com | SPF: Pass | DKIM: Fail | DMARC: Pass | Verdict: Suspicious
INFO:root:2025-06-18 22:33:25 | From: googlepay-noreply@google.com | SPF: Pass | DKIM: Fail | DMARC: Pass | Verdict: Suspicious
INFO:root:2025-06-18 22:33:26 | From: care@paytm.com | SPF: Pass | DKIM: Exists | DMARC: Pass | Verdict: Safe
INFO:root:2025-06-18 22:33:26 | From: care@paytm.com | SPF: Pass | DKIM: Exists | DMARC: Pass | Verdict: Safe
INFO:root:2025-06-18 22:33:29 | From: google-pay-noreply@google.com | SPF: Pass | DKIM: Fail | DMARC: Pass | Verdict: Suspicious
INFO:root:2025-06-18 22:33:29 | From: noreply@phonepe.com | SPF: Pass | DKIM: Fail | DMARC: Pass | Verdict: Suspicious
INFO:root:2025-06-18 22:33:30 | From: no-reply@paytm.com | SPF: Pass | DKIM: Exists | DMARC: Pass | Verdict: Safe
INFO:root:2025-06-18 22:33:30 | From: no-reply@accounts.google.com | SPF: Pass | DKIM: Fail | DMARC: Pass | Verdict: Suspicious
INFO:root:2025-06-18 22:33:31 | From: no-reply@accounts.google.com | SPF: Pass | DKIM: Fail | DMARC: Pass | Verdict: Suspicious
INFO:root:2025-06-18 22:33:31 | From: no-reply@accounts.google.com | SPF: Pass | DKIM: Fail | DMARC: Pass | Verdict: Suspicious
INFO:root:2025-06-18 22:33:32 | From: no-reply@paytm.com | SPF: Pass | DKIM: Exists | DMARC: Pass | Verdict: Safe
INFO:root:2025-06-18 22:33:33 | From: googleplay-noreply@google.com | SPF: Pass | DKIM: Fail | DMARC: Pass | Verdict: Suspicious
INFO:root:2025-06-18 22:33:33 | From: noreply@phonepe.com | SPF: Pass | DKIM: Fail | DMARC: Pass | Verdict: Suspicious
INFO:root:2025-06-18 22:33:34 | From: noreply@phonepe.com | SPF: Pass | DKIM: Fail | DMARC: Pass | Verdict: Suspicious
INFO:root:2025-06-19 10:51:33 | From: noreply@phonepe.com | SPF: Pass | DKIM: Fail | DMARC: Pass | Verdict: Suspicious
INFO:root:2025-06-19 10:51:33 | From: google-pay-noreply@google.com | SPF: Pass | DKIM: Fail | DMARC: Pass | Verdict: Suspicious
INFO:root:2025-06-19 10:51:34 | From: noreply@phonepe.com | SPF: Pass | DKIM: Fail | DMARC: Pass | Verdict: Suspicious
INFO:root:2025-06-19 10:51:34 | From: noreply@phonepe.com | SPF: Pass | DKIM: Fail | DMARC: Pass | Verdict: Suspicious
INFO:root:2025-06-19 10:51:35 | From: google-pay-noreply@google.com | SPF: Pass | DKIM: Fail | DMARC: Pass | Verdict: Suspicious
INFO:root:2025-06-19 10:51:35 | From: noreply@phonepe.com | SPF: Pass | DKIM: Fail | DMARC: Pass | Verdict: Suspicious
INFO:root:2025-06-19 10:51:36 | From: googlepay-noreply@google.com | SPF: Pass | DKIM: Fail | DMARC: Pass | Verdict: Suspicious
INFO:root:2025-06-19 10:51:37 | From: care@paytm.com | SPF: Pass | DKIM: Exists | DMARC: Pass | Verdict: Safe
INFO:root:2025-06-19 10:51:37 | From: care@paytm.com | SPF: Pass | DKIM: Exists | DMARC: Pass | Verdict: Safe
INFO:root:2025-06-19 10:51:38 | From: google-pay-noreply@google.com | SPF: Pass | DKIM: Fail | DMARC: Pass | Verdict: Suspicious
INFO:root:2025-06-19 10:51:38 | From: noreply@phonepe.com | SPF: Pass | DKIM: Fail | DMARC: Pass | Verdict: Suspicious
INFO:root:2025-06-19 10:51:39 | From: no-reply@paytm.com | SPF: Pass | DKIM: Exists | DMARC: Pass | Verdict: Safe
INFO:root:2025-06-19 10:51:39 | From: no-reply@accounts.google.com | SPF: Pass | DKIM: Fail | DMARC: Pass | Verdict: Suspicious
INFO:root:2025-06-19 10:51:40 | From: no-reply@accounts.google.com | SPF: Pass | DKIM: Fail | DMARC: Pass | Verdict: Suspicious
INFO:root:2025-06-19 10:51:40 | From: no-reply@accounts.google.com | SPF: Pass | DKIM: Fail | DMARC: Pass | Verdict: Suspicious
INFO:root:2025-06-19 10:51:41 | From: no-reply@paytm.com | SPF: Pass | DKIM: Exists | DMARC: Pass | Verdict: Safe
INFO:root:2025-06-19 10:51:42 | From: googleplay-noreply@google.com | SPF: Pass | DKIM: Fail | DMARC: Pass | Verdict: Suspicious
INFO:root:2025-06-19 10:51:42 | From: noreply@phonepe.com | SPF: Pass | DKIM: Fail | DMARC: Pass | Verdict: Suspicious
INFO:root:2025-06-19 10:51:43 | From: noreply@phonepe.com | SPF: Pass | DKIM: Fail | DMARC: Pass | Verdict: Suspicious
INFO:root:2025-06-19 10:51:43 | From: noreply@phonepe.com | SPF: Pass | DKIM: Fail | DMARC: Pass | Verdict: Suspicious
INFO:root:2025-06-19 10:51:44 | From: googleplay-noreply@google.com | SPF: Pass | DKIM: Fail | DMARC: Pass | Verdict: Suspicious
INFO:root:2025-06-19 10:51:44 | From: no-reply@accounts.google.com | SPF: Pass | DKIM: Fail | DMARC: Pass | Verdict: Suspicious
INFO:root:2025-06-19 10:51:45 | From: noreply@phonepe.com | SPF: Pass | DKIM: Fail | DMARC: Pass | Verdict: Suspicious
INFO:root:2025-06-19 10:51:45 | From: noreply@phonepe.com | SPF: Pass | DKIM: Fail | DMARC: Pass | Verdict: Suspicious
INFO:root:2025-06-19 10:51:46 | From: no-reply@paytm.com | SPF: Pass | DKIM: Exists | DMARC: Pass | Verdict: Safe
INFO:root:2025-06-19 10:51:46 | From: googleplay-noreply@google.com | SPF: Pass | DKIM: Fail | DMARC: Pass | Verdict: Suspicious
INFO:root:2025-06-19 10:51:47 | From: noreply@paytm.com | SPF: Pass | DKIM: Exists | DMARC: Pass | Verdict: Safe
INFO:root:2025-06-19 10:51:47 | From: noreply@phonepe.com | SPF: Pass | DKIM: Fail | DMARC: Pass | Verdict: Suspicious
INFO:root:2025-06-19 10:51:48 | From: no-reply@paytm.com | SPF: Pass | DKIM: Exists | DMARC: Pass | Verdict: Safe
INFO:root:2025-06-19 10:51:49 | From: noreply@paytmoffers.in | SPF: Pass | DKIM: Fail | DMARC: Pass | Verdict: Suspicious
INFO:root:2025-06-19 10:51:49 | From: googlepay-noreply@google.com | SPF: Pass | DKIM: Fail | DMARC: Pass | Verdict: Suspicious
INFO:root:2025-06-19 10:51:50 | From: googleplay-noreply@google.com | SPF: Pass | DKIM: Fail | DMARC: Pass | Verdict: Suspicious
INFO:root:2025-06-19 10:51:50 | From: no-reply@paytm.com | SPF: Pass | DKIM: Exists | DMARC: Pass | Verdict: Safe
INFO:root:2025-06-19 10:51:51 | From: noreply@phonepe.com | SPF: Pass | DKIM: Fail | DMARC: Pass | Verdict: Suspicious
INFO:root:2025-06-19 10:51:51 | From: google-pay-noreply@google.com | SPF: Pass | DKIM: Fail | DMARC: Pass | Verdict: Suspicious
INFO:root:2025-06-19 10:51:52 | From: no-reply@paytm.com | SPF: Pass | DKIM: Exists | DMARC: Pass | Verdict: Safe
2025-06-19 11:42:36,038 - From: =?UTF-8?B?UGhvbmVQZQ==?= <noreply@phonepe.com> | SPF: pass | DKIM: pass | DMARC: pass | Verdict: Safe
2025-06-19 11:42:36,593 - From: Google Pay <google-pay-noreply@google.com> | SPF: pass | DKIM: pass | DMARC: pass | Verdict: Safe
2025-06-19 11:42:37,063 - From: =?UTF-8?B?UGhvbmVQZQ==?= <noreply@phonepe.com> | SPF: pass | DKIM: pass | DMARC: pass | Verdict: Safe
2025-06-19 11:42:37,537 - From: =?UTF-8?B?UGhvbmVQZQ==?= <noreply@phonepe.com> | SPF: pass | DKIM: pass | DMARC: pass | Verdict: Safe
2025-06-19 11:42:37,985 - From: Google Pay <google-pay-noreply@google.com> | SPF: pass | DKIM: pass | DMARC: pass | Verdict: Safe
2025-06-19 11:42:38,476 - From: =?UTF-8?B?UGhvbmVQZQ==?= <noreply@phonepe.com> | SPF: pass | DKIM: pass | DMARC: pass | Verdict: Safe
2025-06-19 11:42:39,070 - From: Google Pay <googlepay-noreply@google.com> | SPF: pass | DKIM: pass | DMARC: pass | Verdict: Safe
2025-06-19 11:42:39,536 - From: care@paytm.com | SPF: pass | DKIM: pass | DMARC: pass | Verdict: Safe
2025-06-19 11:42:40,019 - From: Paytm <care@paytm.com> | SPF: pass | DKIM: pass | DMARC: pass | Verdict: Safe
2025-06-19 11:42:40,609 - From: Google Pay <google-pay-noreply@google.com> | SPF: pass | DKIM: pass | DMARC: pass | Verdict: Safe
2025-06-19 11:42:41,117 - From: =?UTF-8?B?UGhvbmVQZQ==?= <noreply@phonepe.com> | SPF: pass | DKIM: pass | DMARC: pass | Verdict: Safe
2025-06-19 11:42:41,684 - From: Paytm <no-reply@paytm.com> | SPF: pass | DKIM: pass | DMARC: pass | Verdict: Safe
2025-06-19 11:42:42,077 - From: Google <no-reply@accounts.google.com> | SPF: pass | DKIM: pass | DMARC: pass | Verdict: Safe
2025-06-19 11:42:42,507 - From: Google <no-reply@accounts.google.com> | SPF: pass | DKIM: pass | DMARC: pass | Verdict: Safe
2025-06-19 11:42:42,994 - From: Google <no-reply@accounts.google.com> | SPF: pass | DKIM: pass | DMARC: pass | Verdict: Safe
2025-06-19 11:42:43,395 - From: Paytm <no-reply@paytm.com> | SPF: pass | DKIM: pass | DMARC: pass | Verdict: Safe
2025-06-19 11:42:44,214 - From: Google Play <googleplay-noreply@google.com> | SPF: pass | DKIM: pass | DMARC: pass | Verdict: Safe
2025-06-19 11:42:44,634 - From: =?UTF-8?B?UGhvbmVQZQ==?= <noreply@phonepe.com> | SPF: pass | DKIM: pass | DMARC: pass | Verdict: Safe
2025-06-19 11:43:31,951 - From: =?UTF-8?B?UGhvbmVQZQ==?= <noreply@phonepe.com> | SPF: pass | DKIM: pass | DMARC: pass | Verdict: Safe
2025-06-19 11:43:32,348 - From: Google Play <googleplay-noreply@google.com> | SPF: pass | DKIM: pass | DMARC: pass | Verdict: Safe
2025-06-19 11:43:32,846 - From: Google <no-reply@accounts.google.com> | SPF: pass | DKIM: pass | DMARC: pass | Verdict: Safe
2025-06-19 11:43:33,232 - From: =?UTF-8?B?UGhvbmVQZQ==?= <noreply@phonepe.com> | SPF: pass | DKIM: pass | DMARC: pass | Verdict: Safe
2025-06-19 11:43:33,626 - From: =?UTF-8?B?UGhvbmVQZQ==?= <noreply@phonepe.com> | SPF: pass | DKIM: pass | DMARC: pass | Verdict: Safe
2025-06-19 11:43:34,015 - From: Paytm <no-reply@paytm.com> | SPF: pass | DKIM: pass | DMARC: pass | Verdict: Safe
2025-06-19 11:43:34,421 - From: Google Play <googleplay-noreply@google.com> | SPF: pass | DKIM: pass | DMARC: pass | Verdict: Safe
2025-06-19 11:43:34,893 - From: Paytm <noreply@paytm.com> | SPF: pass | DKIM: pass | DMARC: pass | Verdict: Safe
2025-06-19 11:43:35,296 - From: =?UTF-8?B?UGhvbmVQZQ==?= <noreply@phonepe.com> | SPF: pass | DKIM: pass | DMARC: pass | Verdict: Safe
2025-06-19 11:43:35,712 - From: Paytm <no-reply@paytm.com> | SPF: pass | DKIM: pass | DMARC: pass | Verdict: Safe
2025-06-19 11:43:36,112 - From: Paytm Offers <noreply@paytmoffers.in> | SPF: pass | DKIM: pass | DMARC: pass | Verdict: Safe
2025-06-19 11:43:36,606 - From: Google Pay <googlepay-noreply@google.com> | SPF: pass | DKIM: pass | DMARC: pass | Verdict: Safe
2025-06-19 11:43:37,094 - From: Google Play <googleplay-noreply@google.com> | SPF: pass | DKIM: pass | DMARC: pass | Verdict: Safe
2025-06-19 11:43:37,492 - From: Paytm <no-reply@paytm.com> | SPF: pass | DKIM: pass | DMARC: pass | Verdict: Safe
2025-06-19 11:43:38,351 - From: =?UTF-8?B?UGhvbmVQZQ==?= <noreply@phonepe.com> | SPF: pass | DKIM: pass | DMARC: pass | Verdict: Safe
2025-06-19 11:43:39,023 - From: Google Pay <google-pay-noreply@google.com> | SPF: pass | DKIM: pass | DMARC: pass | Verdict: Safe
{"timestamp": "2025-06-19 12:21:35.458926", "from": "alert@example.com", "domain": "example.com", "subject": "Security Notification", "spf_result": "Fail", "dkim_result": "Fail", "dmarc_result": "Fail", "verdict": "Suspicious"}
